<?xml version="1.0" encoding="utf-8"?><testsuites><testsuite name="pytest" errors="0" failures="0" skipped="0" tests="3" time="5.113" timestamp="2024-12-08T13:46:21.483986-08:00" hostname="barracuda"><testcase classname="tests.unit_tests.test_app" name="test_create_wordcloud" time="3.779" /><testcase classname="tests.unit_tests.test_app" name="test_create_wordcloud_empty" time="0.003" /><testcase classname="tests.unit_tests.test_app" name="test_create_wordcloud_invalid_input" time="0.003" /></testsuite></testsuites>
